<?xml version="1.0" encoding="UTF-8"?>
<!-- Generated by org.testng.reporters.JUnitXMLReporter -->
<testsuite hostname="DESKTOP-GG32AFD" failures="0" tests="3" name="Default test" time="26.891" errors="0" timestamp="7 Apr 2022 12:38:27 GMT">
  <testcase classname="com.crm.testcases.LoginPageTest" name="gotologinpage" time="5.093"/>
  <testcase classname="com.crm.testcases.LoginPageTest" name="checktitle" time="0.012"/>
  <testcase classname="com.crm.testcases.LoginPageTest" name="checkurl" time="0.007"/>
</testsuite> <!-- Default test -->
