<?xml version="1.0" encoding="UTF-8"?>
<testng-results total="3" passed="3" failed="0" skipped="0">
  <reporter-output>
  </reporter-output>
  <suite started-at="2022-04-07T12:38:00Z" name="Default suite" finished-at="2022-04-07T12:38:27Z" duration-ms="26891">
    <groups>
    </groups>
    <test started-at="2022-04-07T12:38:00Z" name="Default test" finished-at="2022-04-07T12:38:27Z" duration-ms="26891">
      <class name="com.crm.testcases.LoginPageTest">
        <test-method is-config="true" signature="objects()[pri:0, instance:com.crm.testcases.LoginPageTest@14bee915]" started-at="2022-04-07T15:38:00Z" name="objects" finished-at="2022-04-07T15:38:07Z" duration-ms="7377" status="PASS">
          <reporter-output>
          </reporter-output>
        </test-method> <!-- objects -->
        <test-method signature="gotologinpage()[pri:0, instance:com.crm.testcases.LoginPageTest@14bee915]" started-at="2022-04-07T15:38:07Z" name="gotologinpage" finished-at="2022-04-07T15:38:12Z" duration-ms="5093" status="PASS">
          <reporter-output>
          </reporter-output>
        </test-method> <!-- gotologinpage -->
        <test-method is-config="true" signature="end()[pri:0, instance:com.crm.testcases.LoginPageTest@14bee915]" started-at="2022-04-07T15:38:12Z" name="end" finished-at="2022-04-07T15:38:13Z" duration-ms="695" status="PASS">
          <reporter-output>
          </reporter-output>
        </test-method> <!-- end -->
        <test-method is-config="true" signature="objects()[pri:0, instance:com.crm.testcases.LoginPageTest@14bee915]" started-at="2022-04-07T15:38:13Z" name="objects" finished-at="2022-04-07T15:38:19Z" duration-ms="6051" status="PASS">
          <reporter-output>
          </reporter-output>
        </test-method> <!-- objects -->
        <test-method signature="checktitle()[pri:0, instance:com.crm.testcases.LoginPageTest@14bee915]" started-at="2022-04-07T15:38:19Z" name="checktitle" finished-at="2022-04-07T15:38:19Z" duration-ms="12" status="PASS">
          <reporter-output>
          </reporter-output>
        </test-method> <!-- checktitle -->
        <test-method is-config="true" signature="end()[pri:0, instance:com.crm.testcases.LoginPageTest@14bee915]" started-at="2022-04-07T15:38:19Z" name="end" finished-at="2022-04-07T15:38:19Z" duration-ms="292" status="PASS">
          <reporter-output>
          </reporter-output>
        </test-method> <!-- end -->
        <test-method is-config="true" signature="objects()[pri:0, instance:com.crm.testcases.LoginPageTest@14bee915]" started-at="2022-04-07T15:38:19Z" name="objects" finished-at="2022-04-07T15:38:27Z" duration-ms="7166" status="PASS">
          <reporter-output>
          </reporter-output>
        </test-method> <!-- objects -->
        <test-method signature="checkurl()[pri:0, instance:com.crm.testcases.LoginPageTest@14bee915]" started-at="2022-04-07T15:38:27Z" name="checkurl" finished-at="2022-04-07T15:38:27Z" duration-ms="7" status="PASS">
          <reporter-output>
          </reporter-output>
        </test-method> <!-- checkurl -->
        <test-method is-config="true" signature="end()[pri:0, instance:com.crm.testcases.LoginPageTest@14bee915]" started-at="2022-04-07T15:38:27Z" name="end" finished-at="2022-04-07T15:38:27Z" duration-ms="179" status="PASS">
          <reporter-output>
          </reporter-output>
        </test-method> <!-- end -->
      </class> <!-- com.crm.testcases.LoginPageTest -->
    </test> <!-- Default test -->
  </suite> <!-- Default suite -->
</testng-results>
